<?xml version="1.0" encoding="UTF-8"?>
<!-- Generated by org.testng.reporters.JUnitXMLReporter -->
<testsuite ignored="0" hostname="LTIN513673" failures="0" tests="7" name="Chrome Test" time="190.174" errors="0" timestamp="2024-06-03T12:15:41 IST">
  <testcase classname="testCase.TC_01_UserDetailValidation" name="userVerification" time="11.858"/>
  <testcase classname="testCase.TC_02_DropDownValidation" name="dropDownValidation" time="15.483"/>
  <testcase classname="testCase.TC_03_AppPresenceValidation" name="appVerification" time="1.658"/>
  <testcase classname="testCase.TC_04_PresenceOfNewsLable" name="presenceOfNewsLable" time="3.956"/>
  <testcase classname="testCase.TC_05_PresenceOfAwardsLable" name="presenceOfAwardsLable" time="3.069"/>
  <testcase classname="testCase.TC_06_NewsToolTipVerification" name="verificationOfNewsTooltip" time="5.477"/>
  <testcase classname="testCase.TC_07_AwardsContentVerification" name="awardContentVerification" time="70.954"/>
</testsuite> <!-- Chrome Test -->
