<?xml version="1.0" encoding="UTF-8"?>
<!-- Generated by org.testng.reporters.JUnitXMLReporter -->
<testsuite ignored="0" hostname="LTIN513673" failures="0" tests="7" name="Edge Test" time="190.486" errors="0" timestamp="2024-06-03T12:15:41 IST">
  <testcase classname="testCase.TC_01_UserDetailValidation" name="userVerification" time="36.276"/>
  <testcase classname="testCase.TC_02_DropDownValidation" name="dropDownValidation" time="25.885"/>
  <testcase classname="testCase.TC_03_AppPresenceValidation" name="appVerification" time="2.041"/>
  <testcase classname="testCase.TC_04_PresenceOfNewsLable" name="presenceOfNewsLable" time="3.656"/>
  <testcase classname="testCase.TC_05_PresenceOfAwardsLable" name="presenceOfAwardsLable" time="3.045"/>
  <testcase classname="testCase.TC_06_NewsToolTipVerification" name="verificationOfNewsTooltip" time="5.969"/>
  <testcase classname="testCase.TC_07_AwardsContentVerification" name="awardContentVerification" time="71.098"/>
</testsuite> <!-- Edge Test -->
